This is pdfTeX, Version 3.1415926-2.5-1.40.14 (TeX Live 2013) (format=pdflatex 2017.7.6)  6 JUL 2017 11:34
entering extended mode
 restricted \write18 enabled.
 %&-line parsing enabled.
**cfaber_thesis.tex
(./cfaber_thesis.tex
LaTeX2e <2011/06/27>
Babel <v3.8m> and hyphenation patterns for english, dumylang, nohyphenation, ru
ssian, ukrainian, bulgarian, loaded.
(./siuethesis.cls
Document Class: siuethesis 2013/10/17 v0.2.4 siuethesis class
 siuethesis option: final
(/usr/share/texlive/texmf-dist/tex/latex/base/book.cls
Document Class: book 2007/10/19 v1.4h Standard LaTeX document class
(/usr/share/texlive/texmf-dist/tex/latex/base/bk12.clo
File: bk12.clo 2007/10/19 v1.4h Standard LaTeX file (size option)
)
\c@part=\count79
\c@chapter=\count80
\c@section=\count81
\c@subsection=\count82
\c@subsubsection=\count83
\c@paragraph=\count84
\c@subparagraph=\count85
\c@figure=\count86
\c@table=\count87
\abovecaptionskip=\skip41
\belowcaptionskip=\skip42
\bibindent=\dimen102
)
(/usr/share/texlive/texmf-dist/tex/latex/amsmath/amsmath.sty
Package: amsmath 2013/01/14 v2.14 AMS math features
\@mathmargin=\skip43

For additional information on amsmath, use the `?' option.
(/usr/share/texlive/texmf-dist/tex/latex/amsmath/amstext.sty
Package: amstext 2000/06/29 v2.01

(/usr/share/texlive/texmf-dist/tex/latex/amsmath/amsgen.sty
File: amsgen.sty 1999/11/30 v2.0
\@emptytoks=\toks14
\ex@=\dimen103
))
(/usr/share/texlive/texmf-dist/tex/latex/amsmath/amsbsy.sty
Package: amsbsy 1999/11/29 v1.2d
\pmbraise@=\dimen104
)
(/usr/share/texlive/texmf-dist/tex/latex/amsmath/amsopn.sty
Package: amsopn 1999/12/14 v2.01 operator names
)
\inf@bad=\count88
LaTeX Info: Redefining \frac on input line 210.
\uproot@=\count89
\leftroot@=\count90
LaTeX Info: Redefining \overline on input line 306.
\classnum@=\count91
\DOTSCASE@=\count92
LaTeX Info: Redefining \ldots on input line 378.
LaTeX Info: Redefining \dots on input line 381.
LaTeX Info: Redefining \cdots on input line 466.
\Mathstrutbox@=\box26
\strutbox@=\box27
\big@size=\dimen105
LaTeX Font Info:    Redeclaring font encoding OML on input line 566.
LaTeX Font Info:    Redeclaring font encoding OMS on input line 567.
\macc@depth=\count93
\c@MaxMatrixCols=\count94
\dotsspace@=\muskip10
\c@parentequation=\count95
\dspbrk@lvl=\count96
\tag@help=\toks15
\row@=\count97
\column@=\count98
\maxfields@=\count99
\andhelp@=\toks16
\eqnshift@=\dimen106
\alignsep@=\dimen107
\tagshift@=\dimen108
\tagwidth@=\dimen109
\totwidth@=\dimen110
\lineht@=\dimen111
\@envbody=\toks17
\multlinegap=\skip44
\multlinetaggap=\skip45
\mathdisplay@stack=\toks18
LaTeX Info: Redefining \[ on input line 2665.
LaTeX Info: Redefining \] on input line 2666.
)
(/usr/share/texlive/texmf-dist/tex/latex/amsfonts/amssymb.sty
Package: amssymb 2013/01/14 v3.01 AMS font symbols

(/usr/share/texlive/texmf-dist/tex/latex/amsfonts/amsfonts.sty
Package: amsfonts 2013/01/14 v3.01 Basic AMSFonts support
\symAMSa=\mathgroup4
\symAMSb=\mathgroup5
LaTeX Font Info:    Overwriting math alphabet `\mathfrak' in version `bold'
(Font)                  U/euf/m/n --> U/euf/b/n on input line 106.
))
(/usr/share/texlive/texmf-dist/tex/latex/amscls/amsthm.sty
Package: amsthm 2004/08/06 v2.20
\thm@style=\toks19
\thm@bodyfont=\toks20
\thm@headfont=\toks21
\thm@notefont=\toks22
\thm@headpunct=\toks23
\thm@preskip=\skip46
\thm@postskip=\skip47
\thm@headsep=\skip48
\dth@everypar=\toks24
)
(/usr/share/texlive/texmf-dist/tex/latex/fancyhdr/fancyhdr.sty
\fancy@headwidth=\skip49
\f@ncyO@elh=\skip50
\f@ncyO@erh=\skip51
\f@ncyO@olh=\skip52
\f@ncyO@orh=\skip53
\f@ncyO@elf=\skip54
\f@ncyO@erf=\skip55
\f@ncyO@olf=\skip56
\f@ncyO@orf=\skip57
)
(/usr/share/texlive/texmf-dist/tex/latex/tools/xspace.sty
Package: xspace 2009/10/20 v1.13 Space after command names (DPC,MH)
)
(/usr/share/texlive/texmf-dist/tex/latex/geometry/geometry.sty
Package: geometry 2010/09/12 v5.6 Page Geometry

(/usr/share/texlive/texmf-dist/tex/latex/graphics/keyval.sty
Package: keyval 1999/03/16 v1.13 key=value parser (DPC)
\KV@toks@=\toks25
)
(/usr/share/texlive/texmf-dist/tex/generic/oberdiek/ifpdf.sty
Package: ifpdf 2011/01/30 v2.3 Provides the ifpdf switch (HO)
Package ifpdf Info: pdfTeX in PDF mode is detected.
)
(/usr/share/texlive/texmf-dist/tex/generic/oberdiek/ifvtex.sty
Package: ifvtex 2010/03/01 v1.5 Detect VTeX and its facilities (HO)
Package ifvtex Info: VTeX not detected.
)
(/usr/share/texlive/texmf-dist/tex/generic/ifxetex/ifxetex.sty
Package: ifxetex 2010/09/12 v0.6 Provides ifxetex conditional
)
\Gm@cnth=\count100
\Gm@cntv=\count101
\c@Gm@tempcnt=\count102
\Gm@bindingoffset=\dimen112
\Gm@wd@mp=\dimen113
\Gm@odd@mp=\dimen114
\Gm@even@mp=\dimen115
\Gm@layoutwidth=\dimen116
\Gm@layoutheight=\dimen117
\Gm@layouthoffset=\dimen118
\Gm@layoutvoffset=\dimen119
\Gm@dimlist=\toks26
)
(/usr/share/texlive/texmf-dist/tex/latex/tocloft/tocloft.sty
Package: tocloft 2010/10/13 v2.3e parameterised ToC, etc., typesetting
Package tocloft Info: The document has chapter divisions on input line 43.
\cftparskip=\skip58
\cftbeforetoctitleskip=\skip59
\cftaftertoctitleskip=\skip60
\cftbeforepartskip=\skip61
\cftpartnumwidth=\skip62
\cftpartindent=\skip63
\cftbeforechapskip=\skip64
\cftchapindent=\skip65
\cftchapnumwidth=\skip66
\cftbeforesecskip=\skip67
\cftsecindent=\skip68
\cftsecnumwidth=\skip69
\cftbeforesubsecskip=\skip70
\cftsubsecindent=\skip71
\cftsubsecnumwidth=\skip72
\cftbeforesubsubsecskip=\skip73
\cftsubsubsecindent=\skip74
\cftsubsubsecnumwidth=\skip75
\cftbeforeparaskip=\skip76
\cftparaindent=\skip77
\cftparanumwidth=\skip78
\cftbeforesubparaskip=\skip79
\cftsubparaindent=\skip80
\cftsubparanumwidth=\skip81
\cftbeforeloftitleskip=\skip82
\cftafterloftitleskip=\skip83
\cftbeforefigskip=\skip84
\cftfigindent=\skip85
\cftfignumwidth=\skip86
\cftbeforelottitleskip=\skip87
\cftafterlottitleskip=\skip88
\cftbeforetabskip=\skip89
\cfttabindent=\skip90
\cfttabnumwidth=\skip91
\cftbeforesubfigskip=\skip92
\cftsubfigindent=\skip93
\cftsubfignumwidth=\skip94
\cftbeforesubtabskip=\skip95
\cftsubtabindent=\skip96
\cftsubtabnumwidth=\skip97
)
(/usr/share/texlive/texmf-dist/tex/generic/ulem/ulem.sty
\UL@box=\box28
\UL@hyphenbox=\box29
\UL@skip=\skip98
\UL@hook=\toks27
\UL@height=\dimen120
\UL@pe=\count103
\UL@pixel=\dimen121
\ULC@box=\box30
Package: ulem 2012/05/18
\ULdepth=\dimen122
)
\c@hassections=\count104
\linespacing=\dimen123
\normalparindent=\dimen124
)
(/usr/share/texlive/texmf-dist/tex/latex/microtype/microtype.sty
Package: microtype 2013/03/13 v2.5 Micro-typographical refinements (RS)
\MT@toks=\toks28
\MT@count=\count105
LaTeX Info: Redefining \textls on input line 771.
\MT@outer@kern=\dimen125
LaTeX Info: Redefining \textmicrotypecontext on input line 1290.
\MT@listname@count=\count106

(/usr/share/texlive/texmf-dist/tex/latex/microtype/microtype-pdftex.def
File: microtype-pdftex.def 2013/03/13 v2.5 Definitions specific to pdftex (RS)
LaTeX Info: Redefining \lsstyle on input line 889.
LaTeX Info: Redefining \lslig on input line 889.
\MT@outer@space=\skip99
)
Package microtype Info: Loading configuration file microtype.cfg.

(/usr/share/texlive/texmf-dist/tex/latex/microtype/microtype.cfg
File: microtype.cfg 2013/03/13 v2.5 microtype main configuration file (RS)
))
(/usr/share/texlive/texmf-dist/tex/latex/graphics/graphicx.sty
Package: graphicx 1999/02/16 v1.0f Enhanced LaTeX Graphics (DPC,SPQR)

(/usr/share/texlive/texmf-dist/tex/latex/graphics/graphics.sty
Package: graphics 2009/02/05 v1.0o Standard LaTeX Graphics (DPC,SPQR)

(/usr/share/texlive/texmf-dist/tex/latex/graphics/trig.sty
Package: trig 1999/03/16 v1.09 sin cos tan (DPC)
)
(/usr/share/texlive/texmf-dist/tex/latex/latexconfig/graphics.cfg
File: graphics.cfg 2010/04/23 v1.9 graphics configuration of TeX Live
)
Package graphics Info: Driver file: pdftex.def on input line 91.

(/usr/share/texlive/texmf-dist/tex/latex/pdftex-def/pdftex.def
File: pdftex.def 2011/05/27 v0.06d Graphics/color for pdfTeX

(/usr/share/texlive/texmf-dist/tex/generic/oberdiek/infwarerr.sty
Package: infwarerr 2010/04/08 v1.3 Providing info/warning/error messages (HO)
)
(/usr/share/texlive/texmf-dist/tex/generic/oberdiek/ltxcmds.sty
Package: ltxcmds 2011/11/09 v1.22 LaTeX kernel commands for general use (HO)
)
\Gread@gobject=\count107
))
\Gin@req@height=\dimen126
\Gin@req@width=\dimen127
)
(/usr/share/texlive/texmf-dist/tex/latex/hyperref/hyperref.sty
Package: hyperref 2012/11/06 v6.83m Hypertext links for LaTeX

(/usr/share/texlive/texmf-dist/tex/generic/oberdiek/hobsub-hyperref.sty
Package: hobsub-hyperref 2012/05/28 v1.13 Bundle oberdiek, subset hyperref (HO)


(/usr/share/texlive/texmf-dist/tex/generic/oberdiek/hobsub-generic.sty
Package: hobsub-generic 2012/05/28 v1.13 Bundle oberdiek, subset generic (HO)
Package: hobsub 2012/05/28 v1.13 Construct package bundles (HO)
Package hobsub Info: Skipping package `infwarerr' (already loaded).
Package hobsub Info: Skipping package `ltxcmds' (already loaded).
Package: ifluatex 2010/03/01 v1.3 Provides the ifluatex switch (HO)
Package ifluatex Info: LuaTeX not detected.
Package hobsub Info: Skipping package `ifvtex' (already loaded).
Package: intcalc 2007/09/27 v1.1 Expandable calculations with integers (HO)
Package hobsub Info: Skipping package `ifpdf' (already loaded).
Package: etexcmds 2011/02/16 v1.5 Avoid name clashes with e-TeX commands (HO)
Package etexcmds Info: Could not find \expanded.
(etexcmds)             That can mean that you are not using pdfTeX 1.50 or
(etexcmds)             that some package has redefined \expanded.
(etexcmds)             In the latter case, load this package earlier.
Package: kvsetkeys 2012/04/25 v1.16 Key value parser (HO)
Package: kvdefinekeys 2011/04/07 v1.3 Define keys (HO)
Package: pdftexcmds 2011/11/29 v0.20 Utility functions of pdfTeX for LuaTeX (HO
)
Package pdftexcmds Info: LuaTeX not detected.
Package pdftexcmds Info: \pdf@primitive is available.
Package pdftexcmds Info: \pdf@ifprimitive is available.
Package pdftexcmds Info: \pdfdraftmode found.
Package: pdfescape 2011/11/25 v1.13 Implements pdfTeX's escape features (HO)
Package: bigintcalc 2012/04/08 v1.3 Expandable calculations on big integers (HO
)
Package: bitset 2011/01/30 v1.1 Handle bit-vector datatype (HO)
Package: uniquecounter 2011/01/30 v1.2 Provide unlimited unique counter (HO)
)
Package hobsub Info: Skipping package `hobsub' (already loaded).
Package: letltxmacro 2010/09/02 v1.4 Let assignment for LaTeX macros (HO)
Package: hopatch 2012/05/28 v1.2 Wrapper for package hooks (HO)
Package: xcolor-patch 2011/01/30 xcolor patch
Package: atveryend 2011/06/30 v1.8 Hooks at the very end of document (HO)
Package atveryend Info: \enddocument detected (standard20110627).
Package: atbegshi 2011/10/05 v1.16 At begin shipout hook (HO)
Package: refcount 2011/10/16 v3.4 Data extraction from label references (HO)
Package: hycolor 2011/01/30 v1.7 Color options for hyperref/bookmark (HO)
)
(/usr/share/texlive/texmf-dist/tex/latex/oberdiek/auxhook.sty
Package: auxhook 2011/03/04 v1.3 Hooks for auxiliary files (HO)
)
(/usr/share/texlive/texmf-dist/tex/latex/oberdiek/kvoptions.sty
Package: kvoptions 2011/06/30 v3.11 Key value format for package options (HO)
)
\@linkdim=\dimen128
\Hy@linkcounter=\count108
\Hy@pagecounter=\count109

(/usr/share/texlive/texmf-dist/tex/latex/hyperref/pd1enc.def
File: pd1enc.def 2012/11/06 v6.83m Hyperref: PDFDocEncoding definition (HO)
)
\Hy@SavedSpaceFactor=\count110

(/usr/share/texlive/texmf-dist/tex/latex/latexconfig/hyperref.cfg
File: hyperref.cfg 2002/06/06 v1.2 hyperref configuration of TeXLive
)
Package hyperref Info: Option `final' set `true' on input line 4319.
Package hyperref Info: Hyper figures OFF on input line 4443.
Package hyperref Info: Link nesting OFF on input line 4448.
Package hyperref Info: Hyper index ON on input line 4451.
Package hyperref Info: Plain pages OFF on input line 4458.
Package hyperref Info: Backreferencing OFF on input line 4463.
Package hyperref Info: Implicit mode ON; LaTeX internals redefined.
Package hyperref Info: Bookmarks ON on input line 4688.
\c@Hy@tempcnt=\count111

(/usr/share/texlive/texmf-dist/tex/latex/url/url.sty
\Urlmuskip=\muskip11
Package: url 2006/04/12  ver 3.3  Verb mode for urls, etc.
)
LaTeX Info: Redefining \url on input line 5041.
\XeTeXLinkMargin=\dimen129
\Fld@menulength=\count112
\Field@Width=\dimen130
\Fld@charsize=\dimen131
Package hyperref Info: Hyper figures OFF on input line 6295.
Package hyperref Info: Link nesting OFF on input line 6300.
Package hyperref Info: Hyper index ON on input line 6303.
Package hyperref Info: backreferencing OFF on input line 6310.
Package hyperref Info: Link coloring OFF on input line 6315.
Package hyperref Info: Link coloring with OCG OFF on input line 6320.
Package hyperref Info: PDF/A mode OFF on input line 6325.
LaTeX Info: Redefining \ref on input line 6365.
LaTeX Info: Redefining \pageref on input line 6369.
\Hy@abspage=\count113
\c@Item=\count114
\c@Hfootnote=\count115
)

Package hyperref Message: Driver (autodetected): hpdftex.

(/usr/share/texlive/texmf-dist/tex/latex/hyperref/hpdftex.def
File: hpdftex.def 2012/11/06 v6.83m Hyperref driver for pdfTeX
\Fld@listcount=\count116
\c@bookmark@seq@number=\count117

(/usr/share/texlive/texmf-dist/tex/latex/oberdiek/rerunfilecheck.sty
Package: rerunfilecheck 2011/04/15 v1.7 Rerun checks for auxiliary files (HO)
Package uniquecounter Info: New unique counter `rerunfilecheck' on input line 2
82.
)
\Hy@SectionHShift=\skip100
)
Package hyperref Info: Option `colorlinks' set `true' on input line 5.
Package hyperref Info: Option `colorlinks' set `true' on input line 6.

(/usr/share/texlive/texmf-dist/tex/latex/base/fixltx2e.sty
Package: fixltx2e 2006/09/13 v1.1m fixes to LaTeX
LaTeX Info: Redefining \em on input line 420.
)
(/usr/share/texlive/texmf-dist/tex/generic/epsf/epsf.sty
This is `epsf.tex' v2.7.4 <14 February 2011>
\epsffilein=\read1
\epsfframemargin=\dimen132
\epsfframethickness=\dimen133
\epsfrsize=\dimen134
\epsftmp=\dimen135
\epsftsize=\dimen136
\epsfxsize=\dimen137
\epsfysize=\dimen138
\pspoints=\dimen139
) (/usr/share/texlive/texmf-dist/tex/latex/caption/caption.sty
Package: caption 2013/02/03 v3.3-65 Customizing captions (AR)

(/usr/share/texlive/texmf-dist/tex/latex/caption/caption3.sty
Package: caption3 2013/02/03 v1.5-62 caption3 kernel (AR)
\captionmargin=\dimen140
\captionmargin@=\dimen141
\captionwidth=\dimen142
\caption@tempdima=\dimen143
\caption@indent=\dimen144
\caption@parindent=\dimen145
\caption@hangindent=\dimen146
)
\c@ContinuedFloat=\count118
Package caption Info: hyperref package is loaded.
)
(/usr/share/texlive/texmf-dist/tex/latex/subfig/subfig.sty
Package: subfig 2005/06/28 ver: 1.3 subfig package
\c@KVtest=\count119
\sf@farskip=\skip101
\sf@captopadj=\dimen147
\sf@capskip=\skip102
\sf@nearskip=\skip103
\c@subfigure=\count120
\c@subfigure@save=\count121
\c@lofdepth=\count122
\c@subtable=\count123
\c@subtable@save=\count124
\c@lotdepth=\count125
\sf@top=\skip104
\sf@bottom=\skip105
)
(/usr/share/texlive/texmf-dist/tex/latex/listings/listings.sty
\lst@mode=\count126
\lst@gtempboxa=\box31
\lst@token=\toks29
\lst@length=\count127
\lst@currlwidth=\dimen148
\lst@column=\count128
\lst@pos=\count129
\lst@lostspace=\dimen149
\lst@width=\dimen150
\lst@newlines=\count130
\lst@lineno=\count131
\lst@maxwidth=\dimen151

(/usr/share/texlive/texmf-dist/tex/latex/listings/lstmisc.sty
File: lstmisc.sty 2007/02/22 1.4 (Carsten Heinz)
\c@lstnumber=\count132
\lst@skipnumbers=\count133
\lst@framebox=\box32
)
(/usr/share/texlive/texmf-dist/tex/latex/listings/listings.cfg
File: listings.cfg 2007/02/22 1.4 listings configuration
))
Package: listings 2007/02/22 1.4 (Carsten Heinz)

(/usr/share/texlive/texmf-dist/tex/latex/rotating/rotating.sty
Package: rotating 2009/03/28 v2.16a rotated objects in LaTeX

(/usr/share/texlive/texmf-dist/tex/latex/base/ifthen.sty
Package: ifthen 2001/05/26 v1.1c Standard LaTeX ifthen package (DPC)
)
\c@r@tfl@t=\count134
\rotFPtop=\skip106
\rotFPbot=\skip107
\rot@float@box=\box33
\rot@mess@toks=\toks30
)
(/usr/share/texlive/texmf-dist/tex/latex/tools/tabularx.sty
Package: tabularx 1999/01/07 v2.07 `tabularx' package (DPC)

(/usr/share/texlive/texmf-dist/tex/latex/tools/array.sty
Package: array 2008/09/09 v2.4c Tabular extension package (FMi)
\col@sep=\dimen152
\extrarowheight=\dimen153
\NC@list=\toks31
\extratabsurround=\skip108
\backup@length=\skip109
)
\TX@col@width=\dimen154
\TX@old@table=\dimen155
\TX@old@col=\dimen156
\TX@target=\dimen157
\TX@delta=\dimen158
\TX@cols=\count135
\TX@ftn=\toks32
)
(/usr/share/texlive/texmf-dist/tex/latex/multirow/multirow.sty
\bigstrutjot=\dimen159
)
\c@theorem=\count136

(./cfaber_thesis.aux)
\openout1 = `cfaber_thesis.aux'.

LaTeX Font Info:    Checking defaults for OML/cmm/m/it on input line 62.
LaTeX Font Info:    ... okay on input line 62.
LaTeX Font Info:    Checking defaults for T1/cmr/m/n on input line 62.
LaTeX Font Info:    ... okay on input line 62.
LaTeX Font Info:    Checking defaults for OT1/cmr/m/n on input line 62.
LaTeX Font Info:    ... okay on input line 62.
LaTeX Font Info:    Checking defaults for OMS/cmsy/m/n on input line 62.
LaTeX Font Info:    ... okay on input line 62.
LaTeX Font Info:    Checking defaults for OMX/cmex/m/n on input line 62.
LaTeX Font Info:    ... okay on input line 62.
LaTeX Font Info:    Checking defaults for U/cmr/m/n on input line 62.
LaTeX Font Info:    ... okay on input line 62.
LaTeX Font Info:    Checking defaults for PD1/pdf/m/n on input line 62.
LaTeX Font Info:    ... okay on input line 62.

*geometry* driver: auto-detecting
*geometry* detected driver: pdftex
*geometry* verbose mode - [ preamble ] result:
* driver: pdftex
* paper: letterpaper
* layout: <same size as paper>
* layoutoffset:(h,v)=(0.0pt,0.0pt)
* modes: includehead heightrounded 
* h-part:(L,W,R)=(108.405pt, 451.6875pt, 54.2025pt)
* v-part:(T,H,B)=(72.26999pt, 664.88379pt, 57.81621pt)
* \paperwidth=614.295pt
* \paperheight=794.96999pt
* \textwidth=451.6875pt
* \textheight=635.5pt
* \oddsidemargin=36.13501pt
* \evensidemargin=36.13501pt
* \topmargin=0.0pt
* \headheight=14.5pt
* \headsep=19.8738pt
* \topskip=12.0pt
* \footskip=30.0pt
* \marginparwidth=47.0pt
* \marginparsep=7.0pt
* \columnsep=10.0pt
* \skip\footins=10.8pt plus 4.0pt minus 2.0pt
* \hoffset=0.0pt
* \voffset=0.0pt
* \mag=1000
* \@twocolumnfalse
* \@twosidefalse
* \@mparswitchfalse
* \@reversemarginfalse
* (1in=72.27pt=25.4mm, 1cm=28.453pt)

LaTeX Info: Redefining \microtypecontext on input line 62.
Package microtype Info: Generating PDF output.
Package microtype Info: Character protrusion enabled (level 2).
Package microtype Info: Using default protrusion set `alltext'.
Package microtype Info: Automatic font expansion enabled (level 2),
(microtype)             stretch: 20, shrink: 20, step: 1, non-selected.
Package microtype Info: Using default expansion set `basictext'.
Package microtype Info: No adjustment of tracking.
Package microtype Info: No adjustment of interword spacing.
Package microtype Info: No adjustment of character kerning.
(/usr/share/texlive/texmf-dist/tex/latex/microtype/mt-cmr.cfg
File: mt-cmr.cfg 2011/04/09 v2.1 microtype config. file: Computer Modern Roman 
(RS)
)
(/usr/share/texlive/texmf-dist/tex/context/base/supp-pdf.mkii
[Loading MPS to PDF converter (version 2006.09.02).]
\scratchcounter=\count137
\scratchdimen=\dimen160
\scratchbox=\box34
\nofMPsegments=\count138
\nofMParguments=\count139
\everyMPshowfont=\toks33
\MPscratchCnt=\count140
\MPscratchDim=\dimen161
\MPnumerator=\count141
\makeMPintoPDFobject=\count142
\everyMPtoPDFconversion=\toks34
) (/usr/share/texlive/texmf-dist/tex/latex/oberdiek/epstopdf-base.sty
Package: epstopdf-base 2010/02/09 v2.5 Base part for package epstopdf

(/usr/share/texlive/texmf-dist/tex/latex/oberdiek/grfext.sty
Package: grfext 2010/08/19 v1.1 Manage graphics extensions (HO)
)
Package grfext Info: Graphics extension search list:
(grfext)             [.png,.pdf,.jpg,.mps,.jpeg,.jbig2,.jb2,.PNG,.PDF,.JPG,.JPE
G,.JBIG2,.JB2,.eps]
(grfext)             \AppendGraphicsExtensions on input line 452.

(/usr/share/texlive/texmf-dist/tex/latex/latexconfig/epstopdf-sys.cfg
File: epstopdf-sys.cfg 2010/07/13 v1.3 Configuration of (r)epstopdf for TeX Liv
e
))
\AtBeginShipoutBox=\box35

(/usr/share/texlive/texmf-dist/tex/latex/graphics/color.sty
Package: color 2005/11/14 v1.0j Standard LaTeX Color (DPC)

(/usr/share/texlive/texmf-dist/tex/latex/latexconfig/color.cfg
File: color.cfg 2007/01/18 v1.5 color configuration of teTeX/TeXLive
)
Package color Info: Driver file: pdftex.def on input line 130.
)
Package hyperref Info: Link coloring ON on input line 62.

(/usr/share/texlive/texmf-dist/tex/latex/hyperref/nameref.sty
Package: nameref 2012/10/27 v2.43 Cross-referencing by name of section

(/usr/share/texlive/texmf-dist/tex/generic/oberdiek/gettitlestring.sty
Package: gettitlestring 2010/12/03 v1.4 Cleanup title references (HO)
)
\c@section@level=\count143
)
LaTeX Info: Redefining \ref on input line 62.
LaTeX Info: Redefining \pageref on input line 62.
LaTeX Info: Redefining \nameref on input line 62.

(./cfaber_thesis.out) (./cfaber_thesis.out)
\@outlinefile=\write3
\openout3 = `cfaber_thesis.out'.

Package caption Info: Begin \AtBeginDocument code.
Package caption Info: subfig package v1.3 is loaded.
Package caption Info: listings package is loaded.
Package caption Info: rotating package is loaded.
Package caption Info: End \AtBeginDocument code.
\c@lstlisting=\count144
 [1



{/usr/share/texlive/texmf/fonts/map/pdftex/updmap/pdftex.map}]
Copyright Page
\c@temppage=\count145
LaTeX Font Info:    Try loading font information for OMS+cmr on input line 67.
(/usr/share/texlive/texmf-dist/tex/latex/base/omscmr.fd
File: omscmr.fd 1999/05/25 v2.5h Standard LaTeX font definitions
)
LaTeX Font Info:    Font shape `OMS/cmr/m/n' in size <12> not available
(Font)              Font shape `OMS/cmsy/m/n' tried instead on input line 67.
 [0

]
LaTeX Font Info:    Try loading font information for U+msa on input line 74.

(/usr/share/texlive/texmf-dist/tex/latex/amsfonts/umsa.fd
File: umsa.fd 2013/01/14 v3.01 AMS symbols A
)
(/usr/share/texlive/texmf-dist/tex/latex/microtype/mt-msa.cfg
File: mt-msa.cfg 2006/02/04 v1.1 microtype config. file: AMS symbols (a) (RS)
)
LaTeX Font Info:    Try loading font information for U+msb on input line 74.

(/usr/share/texlive/texmf-dist/tex/latex/amsfonts/umsb.fd
File: umsb.fd 2013/01/14 v3.01 AMS symbols B
)
(/usr/share/texlive/texmf-dist/tex/latex/microtype/mt-msb.cfg
File: mt-msb.cfg 2005/06/01 v1.0 microtype config. file: AMS symbols (b) (RS)
)
LaTeX Font Info:    Font shape `OMS/cmr/m/n' in size <8> not available
(Font)              Font shape `OMS/cmsy/m/n' tried instead on input line 74.
 [2

] [3] [4


]
(./cfaber_thesis.toc [5

] [6])
\tf@toc=\write4
\openout4 = `cfaber_thesis.toc'.

 [7] (./cfaber_thesis.lof)
\tf@lof=\write5
\openout5 = `cfaber_thesis.lof'.

 [8

]
(./cfaber_thesis.lot)
\tf@lot=\write6
\openout6 = `cfaber_thesis.lot'.

 [9

]
Chapter 1.
Package microtype Info: Loading generic settings for font family
(microtype)             `cmtt' (encoding: OT1).
(microtype)             For optimal results, create family-specific settings.
(microtype)             See the microtype manual for details.
[1


] <./images/FaberRobot.png, id=470, 745.78625pt x 719.68875pt>
File: ./images/FaberRobot.png Graphic file (type png)

<use ./images/FaberRobot.png>
Package pdftex.def Info: ./images/FaberRobot.png used on input line 127.
(pdftex.def)             Requested size: 447.4752pt x 431.81659pt.
 [2] [3 <./images/FaberRobot.png>]
Missing character: There is no ‚ in font cmr12!
Missing character: There is no Ä in font cmr12!
Missing character: There is no ú in font cmr12!
Missing character: There is no ‚ in font cmr12!
Missing character: There is no Ä in font cmr12!
Missing character: There is no ù in font cmr12!
 [4]
Overfull \hbox (1.46495pt too wide) in paragraph at lines 175--194
 [] 
 []

[5] [6] <./images/PSoC_board.png, id=500, 582.67688pt x 520.94624pt>
File: ./images/PSoC_board.png Graphic file (type png)

<use ./images/PSoC_board.png>
Package pdftex.def Info: ./images/PSoC_board.png used on input line 216.
(pdftex.def)             Requested size: 437.00659pt x 390.70872pt.
 [7] [8 <./images/PSoC_board.png>] [9]
Underfull \hbox (badness 10000) in paragraph at lines 233--234

 []

<./images/DMCC.jpg, id=517, 2055.68pt x 1370.11874pt>
File: ./images/DMCC.jpg Graphic file (type jpg)
 <use ./images/DMCC.jpg>
Package pdftex.def Info: ./images/DMCC.jpg used on input line 237.
(pdftex.def)             Requested size: 308.3387pt x 205.50894pt.

[10 <./images/DMCC.jpg>]
<./images/pispecs2.png, id=524, 1120.185pt x 582.175pt>
File: ./images/pispecs2.png Graphic file (type png)

<use ./images/pispecs2.png>
Package pdftex.def Info: ./images/pispecs2.png used on input line 252.
(pdftex.def)             Requested size: 448.06606pt x 232.86588pt.
 [11] [12 <./images/pispecs2.png>] [13] [14]
[15]
Chapter 2.
[16

] <./images/BoardDiagram.jpg, id=556, 867.24pt x 578.16pt>
File: ./images/BoardDiagram.jpg Graphic file (type jpg)

<use ./images/BoardDiagram.jpg>
Package pdftex.def Info: ./images/BoardDiagram.jpg used on input line 314.
(pdftex.def)             Requested size: 607.06387pt x 404.70924pt.

<./images/Pinlist.png, id=561, 1551.7975pt x 608.2725pt>
File: ./images/Pinlist.png Graphic file (type png)

<use ./images/Pinlist.png>
Package pdftex.def Info: ./images/Pinlist.png used on input line 328.
(pdftex.def)             Requested size: 465.54285pt x 182.48315pt.

Overfull \hbox (13.85535pt too wide) in paragraph at lines 328--329
 [][] 
 []

[17] [18 <./images/BoardDiagram.jpg>]
<./images/eeprom_setup.png, id=571, 621.07031pt x 691.08188pt>
File: ./images/eeprom_setup.png Graphic file (type png)

<use ./images/eeprom_setup.png>
Package pdftex.def Info: ./images/eeprom_setup.png used on input line 335.
(pdftex.def)             Requested size: 465.80159pt x 518.31013pt.

Overfull \hbox (14.11409pt too wide) in paragraph at lines 335--336
 [][] 
 []

Missing character: There is no ‚ in font cmr12!
Missing character: There is no Ä in font cmr12!
Missing character: There is no ô in font cmr12!
Missing character: There is no ‚ in font cmr12!
Missing character: There is no Ä in font cmr12!
Missing character: There is no ô in font cmr12!
[19 <./images/Pinlist.png>] [20 <./images/eeprom_setup.png (PNG copy)>]
[21] <./images/I2C_addr.png, id=588, 452.69125pt x 217.81375pt>
File: ./images/I2C_addr.png Graphic file (type png)

<use ./images/I2C_addr.png>
Package pdftex.def Info: ./images/I2C_addr.png used on input line 363.
(pdftex.def)             Requested size: 226.34506pt x 108.9066pt.

<./images/DRV8872_block.PNG, id=589, 507.39563pt x 392.96812pt>
File: ./images/DRV8872_block.PNG Graphic file (type png)

<use ./images/DRV8872_block.PNG>
Package pdftex.def Info: ./images/DRV8872_block.PNG used on input line 372.
(pdftex.def)             Requested size: 431.28833pt x 334.02446pt.
 [22 <./images/I2C_addr.png>] [23 <./images/DRV8872_block.PNG>] [24] <./images/
encoder.jpg, id=612, 128.8815pt x 65.5248pt>
File: ./images/encoder.jpg Graphic file (type jpg)

<use ./images/encoder.jpg>
Package pdftex.def Info: ./images/encoder.jpg used on input line 399.
(pdftex.def)             Requested size: 257.76236pt x 131.04926pt.
 [25 <./images/encoder.jpg>] [26] [27] [28]
<./images/layout.PNG, id=640, 1029.8475pt x 653.44125pt>
File: ./images/layout.PNG Graphic file (type png)

<use ./images/layout.PNG>
Package pdftex.def Info: ./images/layout.PNG used on input line 459.
(pdftex.def)             Requested size: 514.9225pt x 326.71982pt.

<./images/schematic_1.png, id=641, 2208.25pt x 1706.375pt>
File: ./images/schematic_1.png Graphic file (type png)

<use ./images/schematic_1.png>
Package pdftex.def Info: ./images/schematic_1.png used on input line 466.
(pdftex.def)             Requested size: 552.06116pt x 426.59271pt.

<./images/schematic_2.png, id=642, 2208.25pt x 1706.375pt>
File: ./images/schematic_2.png Graphic file (type png)

<use ./images/schematic_2.png>
Package pdftex.def Info: ./images/schematic_2.png used on input line 473.
(pdftex.def)             Requested size: 552.06116pt x 426.59271pt.
 [29] [30 <./images/layout.PNG>] [31 <./images/schematic_1.png>] [32 <./images/
schematic_2.png>]
Chapter 3.
[33

]
Missing character: There is no ‚ in font cmr12!
Missing character: There is no Ä in font cmr12!
Missing character: There is no ô in font cmr12!
 <./images_ch3/PID_diff_flow.png, id=668, 735.74875pt x 621.32124pt>
File: ./images_ch3/PID_diff_flow.png Graphic file (type png)

<use ./images_ch3/PID_diff_flow.png>
Package pdftex.def Info: ./images_ch3/PID_diff_flow.png used on input line 503.

(pdftex.def)             Requested size: 331.08388pt x 279.59198pt.
 [34] [35 <./images_ch3/PID_diff_flow.png>] [36]

LaTeX Warning: Reference `fig:Shared Memory' on page 37 undefined on input line
 535.

[37] <./images_ch3/sharedmemory-define.png, id=692, 1032.85875pt x 672.5125pt>
File: ./images_ch3/sharedmemory-define.png Graphic file (type png)

<use ./images_ch3/sharedmemory-define.png>
Package pdftex.def Info: ./images_ch3/sharedmemory-define.png used on input lin
e 540.
(pdftex.def)             Requested size: 361.50598pt x 235.38289pt.
 [38 <./images_ch3/sharedmemory-define.png>]
Missing character: There is no ‚ in font cmr12!
Missing character: There is no Ä in font cmr12!
Missing character: There is no ú in font cmr12!
Missing character: There is no ‚ in font cmr12!
Missing character: There is no Ä in font cmr12!
Missing character: There is no ù in font cmr12!
 [39] <./images_ch3/pru1_define.png, id=706, 381.425pt x 620.3175pt>
File: ./images_ch3/pru1_define.png Graphic file (type png)

<use ./images_ch3/pru1_define.png>
Package pdftex.def Info: ./images_ch3/pru1_define.png used on input line 564.
(pdftex.def)             Requested size: 286.06804pt x 465.23698pt.
 [40] [41 <./images_ch3/pru1_define.png>]
[42] [43] <./images_ch3/pru1flow.jpg, id=726, 615.29875pt x 784.9325pt>
File: ./images_ch3/pru1flow.jpg Graphic file (type jpg)

<use ./images_ch3/pru1flow.jpg>
Package pdftex.def Info: ./images_ch3/pru1flow.jpg used on input line 637.
(pdftex.def)             Requested size: 430.70618pt x 549.449pt.
 [44] [45 <./images_ch3/pru1flow.jpg>] [46]
<./images_ch3/PRU0FlowNew.png, id=747, 1143.27126pt x 773.89125pt>
File: ./images_ch3/PRU0FlowNew.png Graphic file (type png)

<use ./images_ch3/PRU0FlowNew.png>
Package pdftex.def Info: ./images_ch3/PRU0FlowNew.png used on input line 706.
(pdftex.def)             Requested size: 571.63423pt x 386.94467pt.
 [47] [48] [49 <./images_ch3/PRU0FlowNew.png>] [50] [51]
Chapter 4.

Underfull \hbox (badness 10000) in paragraph at lines 731--732

 []

[52

] <./images_ch4/robot_top.JPG, id=775, 3083.52pt x 2312.64pt>
File: ./images_ch4/robot_top.JPG Graphic file (type jpg)

<use ./images_ch4/robot_top.JPG>
Package pdftex.def Info: ./images_ch4/robot_top.JPG used on input line 773.
(pdftex.def)             Requested size: 308.37007pt x 231.27754pt.
 [53]
<./images_ch4/robot_bot.JPG, id=780, 3083.52pt x 2312.64pt>
File: ./images_ch4/robot_bot.JPG Graphic file (type jpg)

<use ./images_ch4/robot_bot.JPG>
Package pdftex.def Info: ./images_ch4/robot_bot.JPG used on input line 780.
(pdftex.def)             Requested size: 308.37007pt x 231.27754pt.
 [54 <./images_ch4/robot_top.JPG> <./images_ch4/robot_bot.JPG>] <./images/PRUSS
Load.JPG, id=787, 368.577pt x 75.1608pt>
File: ./images/PRUSSLoad.JPG Graphic file (type jpg)

<use ./images/PRUSSLoad.JPG>
Package pdftex.def Info: ./images/PRUSSLoad.JPG used on input line 795.
(pdftex.def)             Requested size: 460.7201pt x 93.95074pt.

Overfull \hbox (9.0326pt too wide) in paragraph at lines 795--796
 [][] 
 []

[55 <./images/PRUSSLoad.JPG>] [56] [57] [58]
<./images/ArmFlow.png, id=815, 1493.58pt x 634.37pt>
File: ./images/ArmFlow.png Graphic file (type png)

<use ./images/ArmFlow.png>
Package pdftex.def Info: ./images/ArmFlow.png used on input line 866.
(pdftex.def)             Requested size: 597.42142pt x 253.7435pt.
 [59] [60 <./images/ArmFlow.png>] [61] [62] [63]
<./images/GUI.png, id=838, 803.0pt x 789.95125pt>
File: ./images/GUI.png Graphic file (type png)
 <use ./images/GUI.png>
Package pdftex.def Info: ./images/GUI.png used on input line 942.
(pdftex.def)             Requested size: 401.49902pt x 394.97466pt.

[64] [65 <./images/GUI.png>] [66] [67] [68]
<./images/robot-test1.png, id=870, 1284.8pt x 481.8pt>
File: ./images/robot-test1.png Graphic file (type png)

<use ./images/robot-test1.png>
Package pdftex.def Info: ./images/robot-test1.png used on input line 987.
(pdftex.def)             Requested size: 449.68674pt x 168.63252pt.

<./images/robot-test2.png, id=871, 1284.8pt x 481.8pt>
File: ./images/robot-test2.png Graphic file (type png)

<use ./images/robot-test2.png>
Package pdftex.def Info: ./images/robot-test2.png used on input line 994.
(pdftex.def)             Requested size: 449.68674pt x 168.63252pt.
 [69 <./images/robot-test1.png> <./images/robot-test2.png>]
Chapter 5.
[70

] [71] [72] (./cfaber_thesis.bbl
Missing character: There is no ¬ in font cmti12!
Missing character: There is no ± in font cmti12!
) [73

]
(/usr/share/texlive/texmf-dist/tex/latex/listings/lstlang1.sty
File: lstlang1.sty 2004/09/05 1.3 listings language file
)
(/usr/share/texlive/texmf-dist/tex/latex/listings/lstmisc.sty
File: lstmisc.sty 2007/02/22 1.4 (Carsten Heinz)
)pdfTeX warning (ext4): destination with the same identifier (name{chapter.1}) 
has been already used, duplicate ignored
<to be read again> 
                   \relax 
l.1082 \chapter{Global Defines and Structures}
                                              
Appendix A.
Package hyperref Info: bookmark level for unknown lstlisting defaults to 0 on i
nput line 1083.
(./include/mem.h [74


] [75]) [76]pdfTeX warning (ext4): destination with the same identifier (name{c
hapter.2}) has been already used, duplicate ignored
<to be read again> 
                   \relax 
l.1085 \chapter{Fixed-point Macros}
                                   
Appendix B.
(./include/fix.h) [77

]pdfTeX warning (ext4): destination with the same identifier (name{chapter.3}) 
has been already used, duplicate ignored
<to be read again> 
                   \relax 
l.1088 \chapter{PRU 1 Assembly Code}
                                    
Appendix C.
pdfTeX warning (ext4): destination with the same identifier (name{section.3.1})
 has been already used, duplicate ignored
<to be read again> 
                   \relax 
l.1090 \section{pru1.h}
                        (./pru_code/pru1.h [78

] [79] [80] [81] [82] [83])
[84]pdfTeX warning (ext4): destination with the same identifier (name{section.3
.2}) has been already used, duplicate ignored
<to be read again> 
                   \relax 
l.1093 \section{pru1.p}
                        (./pru_code/pru1.p [85]) [86]pdfTeX warning (ext4): des
tination with the same identifier (name{chapter.4}) has been already used, dupl
icate ignored
<to be read again> 
                   \relax 
l.1096 \chapter{PRU 0 C Code}
                             
Appendix D.
pdfTeX warning (ext4): destination with the same identifier (name{section.4.1})
 has been already used, duplicate ignored
<to be read again> 
                   \relax 
l.1098 \section{pru0.h}
                        (./pru_code/pru0.h) [87

]pdfTeX warning (ext4): destination with the same identifier (name{section.4.2}
) has been already used, duplicate ignored
<to be read again> 
                   \relax 
l.1101 \section{pru0.c}
                        (./pru_code/pru0.c [88]) [89]pdfTeX warning (ext4): des
tination with the same identifier (name{section.4.3}) has been already used, du
plicate ignored
<to be read again> 
                   \relax 
l.1104 \section{pru0Lib.h}
                           (./pru_code/pru0Lib.h) [90]pdfTeX warning (ext4): de
stination with the same identifier (name{section.4.4}) has been already used, d
uplicate ignored
<to be read again> 
                   \relax 
l.1107 \section{pru0Lib.c}
                           (./pru_code/pru0Lib.c [91]) [92]pdfTeX warning (ext4
): destination with the same identifier (name{section.4.5}) has been already us
ed, duplicate ignored
<to be read again> 
                   \relax 
l.1110 \section{motorLib.h}
                            (./pru_code/motorLib.h) [93]pdfTeX warning (ext4): 
destination with the same identifier (name{section.4.6}) has been already used,
 duplicate ignored
<to be read again> 
                   \relax 
l.1113 \section{motorLib.c}
                            (./pru_code/motorLib.c [94] [95] [96] [97] [98])
[99]pdfTeX warning (ext4): destination with the same identifier (name{chapter.5
}) has been already used, duplicate ignored
<to be read again> 
                   \relax 
l.1116 \chapter{ARM C Code}
                           
Appendix E.
pdfTeX warning (ext4): destination with the same identifier (name{section.5.1})
 has been already used, duplicate ignored
<to be read again> 
                   \relax 
l.1118 \section{beaglebot.c}
                             (./arm_c_code/beaglebot.c [100

]) [101]pdfTeX warning (ext4): destination with the same identifier (name{secti
on.5.2}) has been already used, duplicate ignored
<to be read again> 
                   \relax 
l.1121 \section{PRUlib.h}
                          (./arm_c_code/PRUlib.h) [102]pdfTeX warning (ext4): d
estination with the same identifier (name{section.5.3}) has been already used, 
duplicate ignored
<to be read again> 
                   \relax 
l.1124 \section{PRUlib.c}
                          (./arm_c_code/PRUlib.c [103]) [104]
(./arm_c_code/robotLib.h [105]) [106] (./arm_c_code/robotLib.c [107] [108]
[109] [110] [111] [112] [113] [114]) [115] (./arm_c_code/bbbLib.h [116]
[117]) [118] (./arm_c_code/bbbLib.c [119] [120] [121] [122] [123] [124]
[125] [126] [127]) [128]
Appendix F.
(/usr/share/texlive/texmf-dist/tex/latex/listings/lstlang1.sty
File: lstlang1.sty 2004/09/05 1.3 listings language file
)
(/usr/share/texlive/texmf-dist/tex/latex/listings/lstlang2.sty
File: lstlang2.sty 2004/09/05 1.3 listings language file
)
(/usr/share/texlive/texmf-dist/tex/latex/listings/lstlang1.sty
File: lstlang1.sty 2004/09/05 1.3 listings language file
)
(/usr/share/texlive/texmf-dist/tex/latex/listings/lstlang2.sty
File: lstlang2.sty 2004/09/05 1.3 listings language file
) (./tcl/gui.tcl
[129

] [130] [131] [132]) [133]
Appendix G.
(/usr/share/texlive/texmf-dist/tex/latex/listings/lstlang1.sty
File: lstlang1.sty 2004/09/05 1.3 listings language file
)
(./scripts/build [134

]) [135]
(/usr/share/texlive/texmf-dist/tex/latex/listings/lstlang1.sty
File: lstlang1.sty 2004/09/05 1.3 listings language file
)
(/usr/share/texlive/texmf-dist/tex/latex/listings/lstlang2.sty
File: lstlang2.sty 2004/09/05 1.3 listings language file
)
(/usr/share/texlive/texmf-dist/tex/latex/listings/lstmisc.sty
File: lstmisc.sty 2007/02/22 1.4 (Carsten Heinz)
)
(./scripts/Makefile) [136] [137]
Appendix H.
(./scripts/BB-PRUPID-MOTOR-00A0.dts [138

] [139]) [140] (./scripts/install.sh)
[141] <./images/pins.pdf, id=4524, 614.295pt x 794.97pt>
File: ./images/pins.pdf Graphic file (type pdf)

<use ./images/pins.pdf>
Package pdftex.def Info: ./images/pins.pdf used on input line 1164.
(pdftex.def)             Requested size: 411.5755pt x 532.62714pt.
Package atveryend Info: Empty hook `BeforeClearDocument' on input line 1166.
 [142 <./images/pins.pdf>]
Package atveryend Info: Empty hook `AfterLastShipout' on input line 1166.
 (./cfaber_thesis.aux)
Package atveryend Info: Executing hook `AtVeryEndDocument' on input line 1166.
Package atveryend Info: Executing hook `AtEndAfterFileList' on input line 1166.

Package rerunfilecheck Info: File `cfaber_thesis.out' has not changed.
(rerunfilecheck)             Checksum: FE669D5A26CA64FE64F3A20C92215FBA;4564.


LaTeX Warning: There were undefined references.

Package atveryend Info: Empty hook `AtVeryVeryEnd' on input line 1166.
 ) 
Here is how much of TeX's memory you used:
 18166 strings out of 494820
 268137 string characters out of 3178050
 586926 words of memory out of 3000000
 17366 multiletter control sequences out of 15000+200000
 16028 words of font info for 111 fonts, out of 3000000 for 9000
 198 hyphenation exceptions out of 8191
 37i,12n,50p,1011b,2178s stack positions out of 5000i,500n,10000p,200000b,50000s
</usr/share/texlive/texmf-dist/fonts/type1/public/amsfonts/cm/cmbx12.pfb></us
r/share/texlive/texmf-dist/fonts/type1/public/amsfonts/cm/cmmi12.pfb></usr/shar
e/texlive/texmf-dist/fonts/type1/public/amsfonts/cm/cmmi8.pfb></usr/share/texli
ve/texmf-dist/fonts/type1/public/amsfonts/cm/cmr10.pfb></usr/share/texlive/texm
f-dist/fonts/type1/public/amsfonts/cm/cmr12.pfb></usr/share/texlive/texmf-dist/
fonts/type1/public/amsfonts/cm/cmr6.pfb></usr/share/texlive/texmf-dist/fonts/ty
pe1/public/amsfonts/cm/cmsy10.pfb></usr/share/texlive/texmf-dist/fonts/type1/pu
blic/amsfonts/cm/cmsy8.pfb></usr/share/texlive/texmf-dist/fonts/type1/public/am
sfonts/cm/cmti12.pfb></usr/share/texlive/texmf-dist/fonts/type1/public/amsfonts
/cm/cmtt12.pfb></usr/share/texlive/texmf-dist/fonts/type1/public/amsfonts/cm/cm
tt8.pfb>
Output written on cfaber_thesis.pdf (152 pages, 9724992 bytes).
PDF statistics:
 5306 PDF objects out of 6186 (max. 8388607)
 5053 compressed objects within 51 object streams
 3562 named destinations out of 3580 (max. 500000)
 9923 words of extra memory for PDF output out of 10000 (max. 10000000)

